ParmParse::getval ParmParse::getval(): integral_filename not found in table
(N,1)       verbosity :: ParmParse::getval ParmParse::getval(): integral_filename not found in table
(N,1)       verbosity ::  (=,1)
(N,1)     output_path ::  (=,1)
(N,1)     output_path ::  (=,/cosma7/data/dp092/dc-mars4/TensorTest/)
 (=,/cosma7/data/dp092/dc-mars4/TensorTest/)
(N,1)      chk_prefix ::  (=,TensorTestChk_)
(N,1)     plot_prefix ::  (=,TensorTestPlot_ParmParse::getval ParmParse::getval(): integral_filename not found in table
(N,1)       verbosity ::  (=,1)
(N,1)     output_path ::  (=,/cosma7/data/dp092/dc-mars4/TensorTest/)
(N,1)      chk_prefix ::  (=,TensorTestChk_)
(N,1)     plot_prefix ::  (=,TensorTestPlot_)
(N,1)      chk_prefix ::  (=,TensorTestChk_)
(N,1)     plot_prefix ::  (=,TensorTestPlot_))
(N,1)    hdf5_subpath ::  (=,hdf5)
(N,1)    pout_subpath ::  (=,pout)
(N,1)    data_subpath ::  (=,data)(N,1)    hdf5_subpath ::  (=,hdf5)
(N,1)    pout_subpath ::  (=,pout)
(N,1)    data_subpath ::  (=,data)
(N,1) print_progress_only_to_rank_0 ::  (=,1)
(N,1)          N_full ::  (=,32)
(N,1)          L_full ::  (ParmParse::getval ParmParse::getval(): integral_filename not found in table
(N,1)       verbosity ::  (=,1)
(N,1)     output_path ::  (=
(N,1)    hdf5_subpath ::  (=,hdf5)
(N,1)    pout_subpath ::  (=,pout)
(N,1) print_progress_only_to_rank_0 ::  (=,1)
(N,1)          N_full ::  (=,32)
(N,1)          L_full ::  (=,16)
(N,1)       max_level ::  (=,16)
(N,1)       max_level ::  (=,1)
(N,11) regrid_interval ::  (=,0) (=,0) (=,0) (=,0) (=,0) (=,0) (,/cosma7/data/dp092/dc-mars4/TensorTest/)
(N,1)      chk_prefix ::  (=,TensorTestChk_)
(N,1)     plot_prefix ::  (=,TensorTestPlot_)
(N,1)    hdf5_subpath ::  (=,hdf5)
(N,1)    pout_subpath ::  (=,
(N,1)    data_subpath ::  (=,data)
(N,1) print_progress_only_to_rank_0 ::  (=,1=,1)
(N,11) regrid_interval ::  (=,0) (=,0) (=,0) (=,0) (=,=,0) (=,0) (=,0) (=,0) (=,0)
(N,1)   max_grid_size ::  (=,16)
(N,1)    block_factor ::  (=,16)
(N,1) tag_buffer_size ::  (=,0)
(N,3)      isPeriodic ::  (=,0pout)
(N,1)    data_subpath ::  (=,data)
(N,1) print_progress_only_to_rank_0 ::  (=,1)
(N,1)          N_full ::  (=,32)
(N,1)          L_full ::  ()
(N,1)          N_full ::  (=,32)
(N,1)          L_full ::  (=,0) (=,0) (=,0) (=,0) (=,0) (=,0) (=,0) (=,0)
(N,3)     hi_boundary ::  (=,0) (=,0) (=,0)
(N,3)     lo_boundary ::  (=,0) (=,0) (=,0)=,16)
(N,1)       max_level ::  (=,1)
(N,11) regrid_interval ::  (=,0) (=,0) (=,16)
(N,1)       max_level ::  (=,1)
(N,11) regrid_interval ::  (=) (=,0)
(N,1)   max_grid_size ::  (=,16)
(N,1)    block_factor ::  (=,16)
(N,1) tag_buffer_size ::  (=ParmParse::getval ParmParse::getval(): integral_filename not found in table
(N,1)       verbosity ::  (=,1)
(N,1)     output_path ::  (=,/cosma7/data/dp092/dc-mars4/TensorTest/)
(N,1)      chk_prefix ::  (=,TensorTestChk_)
(N,1)     plot_prefix ::  (=,TensorTestPlot_)

(N,1) checkpoint_interval ::  (=,5)
(N,1)   plot_interval ::  (=,1)
(N,1)   num_plot_vars ::  (=,1)
(N,1)       plot_vars ::  (=,fhat)
(N,1)   dt_multiplier ::  (=,0.1)
(N,1)       stop_time ::  (=,100.0)
(N,1)           sigma ::  (=,1.0)
(N,1)     tensor_mass ::  (=ParmParse::getval ParmParse::getval(): integral_filename not found in table
(N,1)       verbosity ::  (=,1)
(N,1)     output_path ::  (=,/cosma7/data/dp092/dc-mars4/TensorTest/)
(N,1)      chk_prefix ::  (=,TensorTestChk_)
(N,1)     plot_prefix ::  (=,TensorTestPlot_)
(N,1)    hdf5_subpath ::  (=,hdf5)
(N,1)    pout_subpath ::  (=,pout)
(N,1)    data_subpath ::  (=,data)
(N,1) print_progress_only_to_rank_0 ::  (=,1)
(N,1)          N_full ::  (=,32)
(N,1)          L_full ::  (=,16)
(N,1)       max_level ::  (=,10) (=,0) (=,0) (=,0) (=,0) (=,0) (=,0) (=,0) (=,,0) (=,0) (=,0) (=,0) (=,,0)
(N,3)      isPeriodic ::  (=,0) (=,0) (=,0)
(N,3)     hi_boundary ::  (=,0) (=,0) (=,0)(N,1)    hdf5_subpath ::  (=,hdf5)
(N,1)    pout_subpath ::  (=,pout)
(N,1)    data_subpath ::  (=,data)
(N,1) print_progress_only_to_rank_0 ::  (=,1)
(N,1)          N_full ::  (=,32)
(N,1)          L_full ::  (=,16)
(N,1)       max_level ::  (=,1)
(N,11) regrid_interval ::  (=,0) (=,0) (=,0.00)
(N,1)         bh_mass ::  (=,0.0)
(N,1)         bh_spin ::  (=,0.0)
(N,1) activate_extraction ::  (=,0)
(N,1) write_extraction ::  (=,0)
 !!!
)
(N,11) regrid_interval ::  (=,0) (=,0) (=,0) (=,0) (=,0) (=,0) (=,0) (=,0) (=,0) (=,0) (=,0)
(N,1)   max_grid_size ::  (=,0)
(N,1)   max_grid_size ::  (=,16)
(N,1)    block_factor ::  (=,16)
(N,1) tag_buffer_size ::  (=,0)
(N,3)      isPeriodic ::  (=,0) (=,0) (0) (=,0) (=,0) (=,0) (=,
(N,3)     lo_boundary ::  (=,0) (=,0) (=,0)
(N,1) checkpoint_interval ::  (=,5)
(N,1)   plot_interval ::  (=,1)
(N,1)   num_plot_vars ::  (=,0) (=,0) (=,0) (=,0) (=,0) (=,0) (=,0) (=,0) (=,0)
(N,1)   max_grid_size ::  (=,16)
(N,1)    block_factor ::  (=,16)
(N,1) tag_buffer_size ::  (=,16)
(N,1)    block_factor ::  (=,16)
(N,1) tag_buffer_size ::  (=,0)
(N,3)      isPeriodic ::  (=,0) (=,0) (=,0)
(N,3)     hi_boundary ::  (=,0) (=,0) (=,0)
(N,3)     lo_boundary ::  (=,0)
(N,3)     hi_boundary ::  (=,0) (=,0) (=,0)
(N,3)     lo_boundary ::  (=,0) (=,00) (=,0) (=,0)
(N,1)   max_grid_size ::  (=,1)
(N,1)       plot_vars ::  (=,fhat)
(N,1)   dt_multiplier ::  (=,0.1)
(N,1)       stop_time ::  (=,100.0)
(N,1)           sigma ::  (=,1.0ParmParse::getval ParmParse::getval(): integral_filename not found in table
(N,1)       verbosity ::  (=,1)
(N,1)     output_path ::  (=,/cosma7/data/dp092/dc-mars4/TensorTest/)
(N,1)      chk_prefix :: 0)
(N,3)      isPeriodic ::  (=,0) (=,0) (=,0)
(N,3)     hi_boundary ::  (=,0) (=,0) (=,0)
(N,3)     lo_boundary ::  (=,0) (=,0) (=,0)
(N,1) checkpoint_interval ::  (=,5)
=,0) (=,0) (=,0)
(N,1) checkpoint_interval ::  (=,5)
(N,1)   plot_interval ::  (=,1)
(N,1)   num_plot_vars ::  (=,1)
(N,1)       plot_vars ::  (=,fhat)
(N,1)   dt_multiplier ::  (=,0.1)
(N,1)       stop_time ::  (=,100.0)
(N,1)           sigma ::  (=,1.0)) (=,0)
(N,1) checkpoint_interval ::  (=,5)
(N,1)   plot_interval ::  (=,1)
(N,1)   num_plot_vars ::  (=,1)
(N,1)       plot_vars ::  (=,fhat)
(N,1)   dt_multiplier ::  (,16)
(N,1)    block_factor ::  (=,16)
(N,1) tag_buffer_size ::  (=,0)
(N,3)      isPeriodic :: )
(N,1)     tensor_mass ::  (=,0.00)
(N,1)         bh_mass ::  (=,0.0)
(N,1)         bh_spin ::  (=,0.0)
(N,1) activate_extraction ::  (=,0)
(N,1) write_extraction ::  (=,0 (=,TensorTestChk_)
(N,1)     plot_prefix ::  (=,TensorTestPlot_)
(N,1)    hdf5_subpath ::  (=,hdf5)
(N,1)    pout_subpath ::  (=,pout)
(N,1)    data_subpath ::  (=,data)
(N,1) print_progress_only_to_rank_0 ::  (=,1)
(N,1)          N_full ::  (=,32)
(N,1)          L_full ::  (=,16)
(N,1)       max_level ::  (=,1)(N,1)   plot_interval ::  (=,1)
(N,1)   num_plot_vars ::  (=,1)
(N,1)       plot_vars ::  (=,fhat)
(N,1)   dt_multiplier ::  (=,0.1)
(N,1)       stop_time ::  (=,100.0)
(N,1)           sigma ::  (=,1.0)
(N,1)     tensor_mass ::  (=,0.00)
(N,1)         bh_mass ::  (=,0.0)
(N,1)         bh_spin ::  (=,0.0
(N,1)     tensor_mass ::  (=,0.00)
(N,1)         bh_mass ::  (=,0.0)
(N,1)         bh_spin ::  (=,0.0)
(N,1) activate_extraction ::  (=,0)
(N,1) write_extraction ::  (=,0)
 !!!
=,0.1)
(N,1)       stop_time ::  (=,100.0)
(N,1)           sigma ::  (=,1.0)
(N,1)     tensor_mass ::  (=,0.00)
(N,1)         bh_mass ::  (=,0.0)
(N,1)         bh_spin ::  (=, (=,0) (=,0) (=,0)
(N,3)     hi_boundary ::  (=,)
 !!!

(N,11) regrid_interval ::  (=,0) (=,0) (=,0) (=,0) (=,0) (=,0) (=,0) (=,0) (=,0) (=,0) (=,0)
(N,1)   max_grid_size ::  (=)
(N,1) activate_extraction ::  (=,0)
(N,1) write_extraction ::  (=,0)
 !!!
0.0)
(N,1) activate_extraction ::  (=,0)
(N,1) write_extraction ::  (=,0)
 !!!
0) (=,0) (=,0)
(N,3)     lo_boundary ::  (=,0,16)
(N,1)    block_factor ::  (=,16)
(N,1) tag_buffer_size ::  (=,0)
(N,3)      isPeriodic ::  (=,0) (=,0) (=,0)
(N,3)     hi_boundary ::  (=,0) (=,0) (=,) (=,0) (=,0)0)
(N,3)     lo_boundary ::  (=,0) (=,0) (=,0)
(N,1) checkpoint_interval ::  (=,5)
(N,1)   plot_interval ::  (=,1)
(N,1)   num_plot_vars ::  (
(N,1) checkpoint_interval ::  (=,5)
(N,1)   plot_interval :: ParmParse::getval ParmParse::getval(): integral_filename not found in table
(N,1)       verbosity ::  (=,1)
(N,1)       plot_vars ::  (=,fhat)
(N,1)   dt_multiplier ::  (=,0.1)
(N,1)       stop_time ::  (=,100.0)
(N,1)           sigma ::  (=,1.0)
(N,1)     tensor_mass ::  (=,0.00 (=,1)
(N,1)   num_plot_vars ::  (=,1)
=,1)
(N,1)     output_path ::  (=,/cosma7/data/dp092/dc-mars4/TensorTest/)
(N,1)      chk_prefix ::  (=)
(N,1)         bh_mass ::  (=,0.0)
(N,1)         bh_spin ::  (=,0.0)
(N,1) activate_extraction ::  (=,0)
(N,1) write_extraction ::  (=,0)
 !!!
(N,1)       plot_vars ::  (=,fhat)
(N,1)   dt_multiplier ::  (=,TensorTestChk_)
(N,1)     plot_prefix ::  (=,TensorTestPlot_)
(N,1)    hdf5_subpath ::  (=,ParmParse::getval ParmParse::getval(): integral_filename not found in table
(N,1)       verbosity ::  (=,1)
(N,1)     output_path ::  (=,,0.1)
(N,1)       stop_time ::  (=,100.0)
hdf5)
(N,1)    pout_subpath ::  (=,pout)
(N,1)    data_subpath ::  (=,data)/cosma7/data/dp092/dc-mars4/TensorTest/)
(N,1)      chk_prefix ::  (=,TensorTestChk_)
(N,1)     plot_prefix ::  (=,TensorTestPlot_)
(N,1)    hdf5_subpath ::  (=,hdf5)
(N,1)    pout_subpath ::  (=,pout)
(N,1)    data_subpath ::  (=,ParmParse::getval ParmParse::getval(): integral_filename not found in table
(N,1)       verbosity ::  (=,1)
(N,1)     output_path ::  (=,/cosma7/data/dp092/dc-mars4/TensorTest/)
(N,1)      chk_prefix ::  (=,TensorTestChk_)
(N,1)     plot_prefix :: (N,1)           sigma ::  (=,1.0)
(N,1)     tensor_mass ::  (=,0.00)

(N,1) print_progress_only_to_rank_0 ::  (=,1)
(N,1)          N_full ::  (=,32)
(N,1)          L_full ::  (=,data)
(N,1) print_progress_only_to_rank_0 ::  (=,1)
(N,1)          N_full ::  (=,32)
(N,1)          L_full ::  (=,16)
(N,1)       max_level ::  (=,1)
(N,11) regrid_interval ::  (=,0) (=,0) (=,0 (=,TensorTestPlot_)
(N,1)    hdf5_subpath ::  (=,hdf5)
(N,1)    pout_subpath ::  (=,pout)
(N,1)    data_subpath ::  (=,data)
(N,1) print_progress_only_to_rank_0 ::  (=,1)
(N,1)          N_full ::  (=,32)
(N,1)          L_full ::  (=,(N,1)         bh_mass ::  (=,0.0)
(N,1)         bh_spin ::  (=,0.0)
16)
(N,1)       max_level ::  (=,1)
(N,11) regrid_interval ::  (=,0) (=,0) (=,0) (=,0) (=,0) (=,0) (=,0) (=,0) (=,0) (=,0)
(N,1)   max_grid_size ::  (=,16)
(N,1)    block_factor ::  (=,16)
(N,1)       max_level ::  (=,1)
(N,11) regrid_interval ::  (=,0) (=,0) (=,0) (=,0) (=,0) (=,0) (=,0) (=,0) (=,0) ((N,1) activate_extraction ::  (=,0)
(N,1) write_extraction ::  (=,0)
 !!!
) (=,0) (=,0) (=,0) (=,0) (=16)
(N,1) tag_buffer_size ::  (=,0)
(N,3)      isPeriodic ::  (=,0) (=,0) (=,0)
(N,3)     hi_boundary ::  (=,0) (=,0) (=,0)
(N,3)     lo_boundary ::  (=,0)=,0) (=,0)
(N,1)   max_grid_size ::  (=,16)
(N,1)    block_factor ::  (=,16)
(N,1) tag_buffer_size ::  (=,0)
(N,3)      isPeriodic ::  (=,0) (=,0) (=,0)
(N,3)     hi_boundary :: ,0) (=,0) (=,0) (= (=,0) (=,0)
(N,1) checkpoint_interval ::  (=,5)
(N,1)   plot_interval ::  (=,1)
(N,1)   num_plot_vars ::  (=,1)
(N,1)       plot_vars ::  (=,fhat (=,0) (=,0) (=,0)
(N,3)     lo_boundary ::  (=,0) (=,0) (=,0)
(N,1) checkpoint_interval ::  (=,5,0) (=,0)
(N,1)   max_grid_size ::  (=,16)
)
(N,1)   dt_multiplier ::  (=,0.1)
(N,1)       stop_time ::  (=,100.0)
(N,1)           sigma ::  (=,1.0)
(N,1)     tensor_mass ::  (=,0.00)
(N,1)         bh_mass ::  (=,0.0)ParmParse::getval ParmParse::getval(): integral_filename not found in table
(N,1)       verbosity ::  (=,1)
(N,1)     output_path :: )
(N,1)   plot_interval ::  (=,1)
(N,1)   num_plot_vars ::  (=,1)
(N,1)       plot_vars ::  (=,fhat)
(N,1)   dt_multiplier ::  (=,0.1)
(N,1)       stop_time ::  (=,100.0)
(N,1)           sigma ::  (=,1.0)
(N,1)     tensor_mass ::  ((N,1)    block_factor ::  (=,16)
(N,1) tag_buffer_size ::  (=,0)
(N,3)      isPeriodic ::  (=,0
(N,1)         bh_spin ::  (=,0.0)
(N,1) activate_extraction ::  (=,0)
(N,1) write_extraction ::  (=,0)
 !!!
 (=,/cosma7/data/dp092/dc-mars4/TensorTest/)
(N,1)      chk_prefix ::  (=,TensorTestChk_)
(N,1)     plot_prefix ::  (=,TensorTestPlot_)
(N,1)    hdf5_subpath ::  (=,hdf5)
(N,1)    pout_subpath ::  (=,pout)
(N,1)    data_subpath ::  (=,data)
=,0.00)
(N,1)         bh_mass ::  (=,0.0)
(N,1)         bh_spin ::  (=,0.0)
(N,1) activate_extraction ::  (=,0)
(N,1) write_extraction ::  (=,0)
 !!!
) (=,0) (=,0)
(N,3)     hi_boundary ::  (=,0) ((N,1) print_progress_only_to_rank_0 ::  (=,1)
(N,1)          N_full ::  (=,32)
(N,1)          L_full ::  (=,16)
(N,1)       max_level ::  (=,1)
(N,11) regrid_interval ::  (=,0) (=,0) (=,0)
(N,3)     lo_boundary ::  (=,0) (=,0) (=,0) (=,0) (=,0) (==,0) (=,0) (=,0) (=,0) (=,0) (=,0) (=,0)
(N,1) checkpoint_interval ::  (=,5)
(N,1)   plot_interval :: ,0)
(N,1)   max_grid_size ::  (=,16)
(N,1)    block_factor ::  (=,16)
(N,1) tag_buffer_size ::  (=,0)
(N,3)      isPeriodic ::  ( (=,1)
(N,1)   num_plot_vars ::  (=,1=,0) (=,0) (=,0)
(N,3)     hi_boundary ::  (=,0) (=,0) (=)
(N,1)       plot_vars ::  (=,fhat)
(N,1)   dt_multiplier ::  (=,0)
(N,3)     lo_boundary ::  (=,0) (=,0) (=,0)
(N,1) checkpoint_interval ::  (=,5),0.1)
(N,1)       stop_time ::  (=,100.0)

(N,1)   plot_interval ::  (=,1)
(N,1)   num_plot_vars ::  (=,1)
(N,1)       plot_vars ::  (=,fhat)
(N,1)   dt_multiplier ::  (=,0.1(N,1)           sigma ::  (=,1.0)
(N,1)     tensor_mass ::  (=,ParmParse::getval ParmParse::getval(): integral_filename not found in table
ParmParse::getval ParmParse::getval(): integral_filename not found in table
(N,1)       verbosity ::  (=,)
(N,1)       stop_time ::  (=,100.0)
(N,1)           sigma ::  (=,1.0)
(N,1)     tensor_mass ::  (=,0.00)
(N,1)         bh_mass ::  (=,0.0)
(N,1)         bh_spin ::  (=,0.0)
(N,1) activate_extraction ::  (=,0)
0.00)
(N,1)         bh_mass ::  (=,0.0)
(N,1)         bh_spin ::  (=,0.0)
(N,1) activate_extraction ::  ((N,1)       verbosity ::  (=,1)
(N,1)     output_path ::  (=,/cosma7/data/dp092/dc-mars4/TensorTest/)
(N,1)      chk_prefix :: 1)
(N,1)     output_path ::  (=,/cosma7/data/dp092/dc-mars4/TensorTest/)
(N,1)      chk_prefix ::  (=,TensorTestChk_)(N,1) write_extraction ::  (=,0)
 !!!
=,0)
(N,1) write_extraction ::  (=,0)
 !!!
 (=,TensorTestChk_)
(N,1)     plot_prefix ::  (=,TensorTestPlot_)
(N,1)    hdf5_subpath ::  (=,hdf5
(N,1)     plot_prefix ::  (=,TensorTestPlot_)
(N,1)    hdf5_subpath ::  (=,hdf5)
(N,1)    pout_subpath ::  (=ParmParse::getval )
(N,1)    pout_subpath ::  (=,pout)
(N,1)    data_subpath ::  (=,,pout)
(N,1)    data_subpath ::  (=,data)
(N,1) print_progress_only_to_rank_0 ::  (=ParmParse::getval(): integral_filename not found in table
(N,1)       verbosity ::  (=,data)
(N,1) print_progress_only_to_rank_0 ::  (=,1)
(N,1)          N_full ::  (=,1)
(N,1)          N_full ::  (=,32)
(N,1)          L_full :: 1)
(N,1)     output_path ::  (=,/cosma7/data/dp092/dc-mars4/TensorTest/)
(N,1)      chk_prefix :: ,32)
(N,1)          L_full ::  (=,16)
(N,1)       max_level ::  ( (=,16)
(N,1)       max_level ::  (=,1)
 (=,TensorTestChk_)
(N,1)     plot_prefix ::  (=,TensorTestPlot_)
=,1)
(N,11) regrid_interval ::  (=,0) (=(N,11) regrid_interval ::  (=,0) (=,0) (=(N,1)    hdf5_subpath ::  (=,hdf5)
(N,1)    pout_subpath ::  (=,pout),0) (=,0) (=,0),0) (=,0) (=,0) (
(N,1)    data_subpath ::  (=,data)
(N,1) print_progress_only_to_rank_0 ::  (=,1) (=,0) (=,0) (=,0)=,0) (=,0) (=,0) (
(N,1)          N_full ::  (=,32)
(N,1)          L_full ::  (=,16 (=,0) (=,0) (=,0=,0) (=,0) (=,0))
(N,1)       max_level ::  (=,1)
(N,11) regrid_interval ::  (=,) (=,0)
(N,1)   max_grid_size ::  (=,16
(N,1)   max_grid_size ::  (=,16)
(N,1)    block_factor ::  (=,160) (=,0) (=,0) ()
(N,1)    block_factor ::  (=,16)
(N,1) tag_buffer_size ::  (=,)
(N,1) tag_buffer_size ::  (=,0)
(N,3)      isPeriodic ::  (=,=,0) (=,0) (=,00)
(N,3)      isPeriodic ::  (=,0) (=,0)0) (=,0) (=,0)
) (=,0) (=,0) (= (=,0)
(N,3)     hi_boundary ::  (=,0)(N,3)     hi_boundary ::  (=,0) (=,0) (=,0) (=,0) (=,0)
 (=,0) (=,0)
(N,3)     lo_boundary ::  (,0)
(N,3)     lo_boundary ::  (=,0) (=,(N,1)   max_grid_size ::  (=,16)
(N,1)    block_factor ::  (=,16=,0) (=,0) (=,0)0) (=,0)
(N,1) checkpoint_interval ::  (=,5)
(N,1) tag_buffer_size ::  (=,0)
(N,3)      isPeriodic ::  (=,
(N,1) checkpoint_interval ::  (=,5)
(N,1)   plot_interval ::  (=,1)
(N,1)   plot_interval ::  (=,1)
(N,1)   num_plot_vars ::  (=,0) (=,0) (=,0)
)
(N,1)   num_plot_vars ::  (=,1)
(N,1)       plot_vars ::  (=1)
(N,1)       plot_vars ::  (=,fhat)
(N,1)   dt_multiplier ::  (=(N,3)     hi_boundary ::  (=,0) (=,0) (=,fhat)
(N,1)   dt_multiplier ::  (=,0.1)
(N,1)       stop_time ::  (,0.1)
(N,1)       stop_time ::  (=,100.0)
(N,1)           sigma ::  (,0)
(N,3)     lo_boundary ::  (=,0) (=,=,100.0)
(N,1)           sigma ::  (=,1.0)
(N,1)     tensor_mass :: =,1.0)
(N,1)     tensor_mass ::  (=,0.00)
0) (=,0)
(N,1) checkpoint_interval ::  (=,5 (=,0.00)
(N,1)         bh_mass ::  (=,0.0)
(N,1)         bh_mass ::  (=,0.0)
(N,1)         bh_spin ::  (=,0.0))
(N,1)   plot_interval ::  (=,1)
(N,1)   num_plot_vars ::  (=(N,1)         bh_spin ::  (=,0.0)
(N,1) activate_extraction ::  (=,0)
(N,1) activate_extraction ::  (=,0)
(N,1) write_extraction ::  (=,0,1)
(N,1)       plot_vars ::  (=,fhat)
(N,1)   dt_multiplier ::  (
(N,1) write_extraction ::  (=,0)
 !!!
)
 !!!
=,0.1)
(N,1)       stop_time ::  (=,100.0)
(N,1)           sigma ::  (=,1.0)
(N,1)     tensor_mass ::  (=,0.00)
(N,1)         bh_mass ::  (=,0.0)
(N,1)         bh_spin ::  (=,0.0)
(N,1) activate_extraction ::  (=,0)
(N,1) write_extraction ::  (=,0)
 !!!
